
Found 1 command tree.

Counting 4634 (estimated) million canonical 21-mers from 2 input files:
    sequence-file: /homes/mgruenstaeudl/data/Limnothrix/02_processed_reads/Illumina_filt_R1_paired.fastq.gz
    sequence-file: /homes/mgruenstaeudl/data/Limnothrix/02_processed_reads/Illumina_filt_R2_paired.fastq.gz


SIMPLE MODE
-----------

  21-mers
    -> 4398046511104 entries for counts up to 65535.
    -> 64 Tbits memory used

  4859488764 input bases
    -> expected max count of 19437955, needing 10 extra bits.
    -> 40 Tbits memory used

  13 TB memory needed


COMPLEX MODE
------------

prefix     # of   struct   kmers/    segs/      min     data    total
  bits   prefix   memory   prefix   prefix   memory   memory   memory
------  -------  -------  -------  -------  -------  -------  -------
     1     2  P    15 MB   772 MM   989 kS  8192  B  7919 MB  7934 MB
     2     4  P    15 MB   386 MM   482 kS    16 kB  7725 MB  7740 MB
     3     8  P    14 MB   193 MM   235 kS    32 kB  7532 MB  7547 MB
     4    16  P    14 MB    96 MM   114 kS    64 kB  7340 MB  7354 MB
     5    32  P    14 MB    48 MM    55 kS   128 kB  7149 MB  7163 MB
     6    64  P    13 MB    24 MM    27 kS   256 kB  6953 MB  6967 MB
     7   128  P    13 MB    12 MM    13 kS   512 kB  6760 MB  6774 MB
     8   256  P    13 MB  6179 kM  6571  S  1024 kB  6571 MB  6584 MB
     9   512  P    14 MB  3089 kM  3190  S  2048 kB  6380 MB  6394 MB
    10  1024  P    15 MB  1544 kM  1545  S  4096 kB  6180 MB  6195 MB
    11  2048  P    18 MB   772 kM   749  S  8192 kB  5992 MB  6010 MB
    12  4096  P    23 MB   386 kM   363  S    16 MB  5808 MB  5831 MB
    13  8192  P    36 MB   193 kM   176  S    32 MB  5632 MB  5668 MB
    14    16 kP    61 MB    96 kM    85  S    64 MB  5440 MB  5501 MB
    15    32 kP   111 MB    48 kM    41  S   128 MB  5248 MB  5359 MB
    16    64 kP   212 MB    24 kM    20  S   256 MB  5120 MB  5332 MB  Best Value!
    17   128 kP   414 MB    12 kM    10  S   512 MB  5120 MB  5534 MB
    18   256 kP   818 MB  6180  M     5  S  1024 MB  5120 MB  5938 MB
    19   512 kP  1628 MB  3090  M     3  S  2048 MB  6144 MB  7772 MB
    20  1024 kP  3248 MB  1545  M     2  S  4096 MB  8192 MB    11 GB
    21  2048 kP  6480 MB   773  M     1  S  8192 MB  8192 MB    14 GB
    22  4096 kP    12 GB   387  M     1  S    16 GB    16 GB    28 GB
    23  8192 kP    25 GB   194  M     1  S    32 GB    32 GB    57 GB
    24    16 MP    50 GB    97  M     1  S    64 GB    64 GB   114 GB
    25    32 MP   101 GB    49  M     1  S   128 GB   128 GB   229 GB


FINAL CONFIGURATION
-------------------

Estimated to require 7897 MB memory out of 8192 MB allowed.
Estimated to require 3 batches.

Configured complex mode for 7.712 GB memory per batch, and up to 3 batches.

Start counting with THREADED method.
Used 0.908 GB / 7.922 GB to store      1800715 kmers; need 0.006 GB to sort        39101 kmers
Used 1.021 GB / 7.922 GB to store     59470612 kmers; need 0.022 GB to sort       145417 kmers
Used 1.139 GB / 7.922 GB to store    102708066 kmers; need 0.037 GB to sort       249060 kmers
Used 1.255 GB / 7.922 GB to store    142354922 kmers; need 0.050 GB to sort       335200 kmers
Used 1.374 GB / 7.922 GB to store    181998097 kmers; need 0.063 GB to sort       423491 kmers
Used 1.492 GB / 7.922 GB to store    221643785 kmers; need 0.076 GB to sort       510892 kmers
Used 1.607 GB / 7.922 GB to store    259489446 kmers; need 0.087 GB to sort       584983 kmers
Used 1.722 GB / 7.922 GB to store    297322443 kmers; need 0.100 GB to sort       672992 kmers
Used 1.838 GB / 7.922 GB to store    335166815 kmers; need 0.113 GB to sort       761582 kmers
Used 1.954 GB / 7.922 GB to store    372989468 kmers; need 0.125 GB to sort       839711 kmers
Used 2.069 GB / 7.922 GB to store    410835404 kmers; need 0.140 GB to sort       938915 kmers
Used 2.185 GB / 7.922 GB to store    448666175 kmers; need 0.149 GB to sort      1002608 kmers
Used 2.301 GB / 7.922 GB to store    486509749 kmers; need 0.161 GB to sort      1080434 kmers
Used 2.417 GB / 7.922 GB to store    524340087 kmers; need 0.173 GB to sort      1163863 kmers
Used 2.533 GB / 7.922 GB to store    562176490 kmers; need 0.187 GB to sort      1253126 kmers
Used 2.650 GB / 7.922 GB to store    600001718 kmers; need 0.197 GB to sort      1321386 kmers
Used 2.766 GB / 7.922 GB to store    637834639 kmers; need 0.209 GB to sort      1403391 kmers
Used 2.882 GB / 7.922 GB to store    675678006 kmers; need 0.223 GB to sort      1497894 kmers
Used 2.998 GB / 7.922 GB to store    713516216 kmers; need 0.234 GB to sort      1573093 kmers
Used 3.115 GB / 7.922 GB to store    751364886 kmers; need 0.247 GB to sort      1658038 kmers
Used 3.231 GB / 7.922 GB to store    789203201 kmers; need 0.261 GB to sort      1752783 kmers
Used 3.346 GB / 7.922 GB to store    827048968 kmers; need 0.272 GB to sort      1826022 kmers
Used 3.463 GB / 7.922 GB to store    864880304 kmers; need 0.284 GB to sort      1908734 kmers
Used 3.579 GB / 7.922 GB to store    902700941 kmers; need 0.295 GB to sort      1977116 kmers
Used 3.696 GB / 7.922 GB to store    940543714 kmers; need 0.307 GB to sort      2062797 kmers
Used 3.812 GB / 7.922 GB to store    978370087 kmers; need 0.319 GB to sort      2142350 kmers
Used 3.928 GB / 7.922 GB to store   1016212952 kmers; need 0.332 GB to sort      2229671 kmers
Used 4.045 GB / 7.922 GB to store   1054044422 kmers; need 0.343 GB to sort      2299114 kmers
Used 4.158 GB / 7.922 GB to store   1090815129 kmers; need 0.356 GB to sort      2391278 kmers
Used 4.274 GB / 7.922 GB to store   1128620939 kmers; need 0.367 GB to sort      2459565 kmers
Used 4.390 GB / 7.922 GB to store   1166398132 kmers; need 0.379 GB to sort      2543850 kmers
Used 4.507 GB / 7.922 GB to store   1204200825 kmers; need 0.392 GB to sort      2633966 kmers
Used 4.623 GB / 7.922 GB to store   1241978294 kmers; need 0.408 GB to sort      2740409 kmers
Used 4.739 GB / 7.922 GB to store   1279778177 kmers; need 0.418 GB to sort      2803947 kmers
Used 4.855 GB / 7.922 GB to store   1317545300 kmers; need 0.429 GB to sort      2881905 kmers
Used 4.971 GB / 7.922 GB to store   1355343560 kmers; need 0.443 GB to sort      2971318 kmers
Used 5.088 GB / 7.922 GB to store   1393113358 kmers; need 0.456 GB to sort      3057506 kmers
Used 5.204 GB / 7.922 GB to store   1430908479 kmers; need 0.467 GB to sort      3134261 kmers
Used 5.320 GB / 7.922 GB to store   1468683743 kmers; need 0.479 GB to sort      3214976 kmers
Used 5.436 GB / 7.922 GB to store   1506449720 kmers; need 0.491 GB to sort      3297743 kmers
Used 5.547 GB / 7.922 GB to store   1542443643 kmers; need 0.506 GB to sort      3392595 kmers
Used 5.663 GB / 7.922 GB to store   1580195799 kmers; need 0.515 GB to sort      3455438 kmers
Used 5.779 GB / 7.922 GB to store   1617992786 kmers; need 0.527 GB to sort      3536220 kmers
Used 5.895 GB / 7.922 GB to store   1655730774 kmers; need 0.539 GB to sort      3620112 kmers
Used 6.012 GB / 7.922 GB to store   1693535463 kmers; need 0.551 GB to sort      3696654 kmers
Used 6.128 GB / 7.922 GB to store   1731321120 kmers; need 0.564 GB to sort      3783437 kmers
Used 6.244 GB / 7.922 GB to store   1769122911 kmers; need 0.577 GB to sort      3870274 kmers
Used 6.361 GB / 7.922 GB to store   1806913928 kmers; need 0.590 GB to sort      3958914 kmers
Used 6.477 GB / 7.922 GB to store   1844705980 kmers; need 0.601 GB to sort      4030597 kmers
Used 6.593 GB / 7.922 GB to store   1882508447 kmers; need 0.614 GB to sort      4117189 kmers
Used 6.710 GB / 7.922 GB to store   1920283711 kmers; need 0.624 GB to sort      4188698 kmers
Used 6.826 GB / 7.922 GB to store   1958065270 kmers; need 0.637 GB to sort      4272978 kmers
Used 6.942 GB / 7.922 GB to store   1995823829 kmers; need 0.651 GB to sort      4369341 kmers
Used 7.059 GB / 7.922 GB to store   2033574330 kmers; need 0.661 GB to sort      4439076 kmers
Used 7.175 GB / 7.922 GB to store   2071367232 kmers; need 0.674 GB to sort      4524511 kmers
Memory full.  Writing results to 'merqury_qv_2026-01-30.reads.meryl', using 8 threads (2 threads still doing input).

Used 0.905 GB / 7.922 GB to store      1798448 kmers; need 0.680 GB to sort      4561061 kmers

Input complete.  Writing results to 'merqury_qv_2026-01-30.reads.meryl', using 10 threads.
finishIteration()--
finishIteration()--  Merging 2 blocks.

Finished counting.

Cleaning up.

Bye.

Found 1 command tree.

PROCESSING TREE #1 using 10 threads.
  opLessThan
    merqury_qv_2026-01-30.reads.meryl
    print to (stdout)
Detected k-mer size 21
Found asm2: PlasmidGenome_Bactopia.fasta
# Generate meryl db for BacterialGenome_Bactopia

Found 1 command tree.

Counting 4430 (estimated) thousand canonical 21-mers from 1 input file:
    sequence-file: BacterialGenome_Bactopia.fasta


SIMPLE MODE
-----------

  21-mers
    -> 4398046511104 entries for counts up to 65535.
    -> 64 Tbits memory used

  4536442 input bases
    -> expected max count of 18145, needing 0 extra bits.
    -> no memory used

  8192 GB memory needed


COMPLEX MODE
------------

prefix     # of   struct   kmers/    segs/      min     data    total
  bits   prefix   memory   prefix   prefix   memory   memory   memory
------  -------  -------  -------  -------  -------  -------  -------
     1     2  P    28 kB  1107 kM  1420  S  8192  B    11 MB    11 MB
     2     4  P    34 kB   553 kM   693  S    16 kB    10 MB    10 MB
     3     8  P    46 kB   276 kM   338  S    32 kB    10 MB    10 MB
     4    16  P    71 kB   138 kM   165  S    64 kB    10 MB    10 MB
     5    32  P   121 kB    69 kM    81  S   128 kB    10 MB    10 MB
     6    64  P   221 kB    34 kM    39  S   256 kB  9984 kB     9 MB
     7   128  P   423 kB    17 kM    19  S   512 kB  9728 kB     9 MB
     8   256  P   828 kB  8861  M    10  S  1024 kB    10 MB    10 MB
     9   512  P  1636 kB  4431  M     5  S  2048 kB    10 MB    11 MB
    10  1024  P  3256 kB  2216  M     3  S  4096 kB    12 MB    15 MB  Best Value!
    11  2048  P  6496 kB  1108  M     2  S  8192 kB    16 MB    22 MB
    12  4096  P    12 MB   554  M     1  S    16 MB    16 MB    28 MB
    13  8192  P    25 MB   277  M     1  S    32 MB    32 MB    57 MB
    14    16 kP    50 MB   139  M     1  S    64 MB    64 MB   114 MB
    15    32 kP   101 MB    70  M     1  S   128 MB   128 MB   229 MB
    16    64 kP   202 MB    35  M     1  S   256 MB   256 MB   458 MB


FINAL CONFIGURATION
-------------------

Estimated to require 23 MB memory out of 16 GB allowed.
Estimated to require 2 batches.

Configured complex mode for 0.023 GB memory per batch, and up to 2 batches.

Start counting with THREADED method.
Used 0.270 GB / 15.922 GB to store      2097130 kmers; need 0.005 GB to sort        36159 kmers

Input complete.  Writing results to 'BacterialGenome_Bactopia.meryl', using 10 threads.
finishIteration()--

Finished counting.

Cleaning up.

Bye.


Found 1 command tree.

PROCESSING TREE #1 using 10 threads.
  opDifference
    BacterialGenome_Bactopia.meryl
    merqury_qv_2026-01-30.reads.meryl
    output to BacterialGenome_Bactopia.0.meryl

Cleaning up.

Bye.
# QV statistics for BacterialGenome_Bactopia

Found 1 command tree.

Found 1 command tree.

--
-- Estimating memory usage for 'BacterialGenome_Bactopia.0.meryl/'.
--

Failed with 'Segmentation fault'; backtrace (libbacktrace):
# Generate meryl db for PlasmidGenome_Bactopia

Found 1 command tree.

Counting 4065 (estimated) canonical 21-mers from 1 input file:
    sequence-file: PlasmidGenome_Bactopia.fasta


SIMPLE MODE
-----------

  21-mers
    -> 4398046511104 entries for counts up to 65535.
    -> 64 Tbits memory used

  4065 input bases
    -> expected max count of 16, needing 0 extra bits.
    -> no memory used

  8192 GB memory needed


COMPLEX MODE
------------

prefix     # of   struct   kmers/    segs/      min     data    total
  bits   prefix   memory   prefix   prefix   memory   memory   memory
------  -------  -------  -------  -------  -------  -------  -------
     1     2  P  6496  B  1017  M     2  S  8192  B    16 kB    22 kB
     2     4  P    12 kB   509  M     1  S    16 kB    16 kB    28 kB
     3     8  P    25 kB   255  M     1  S    32 kB    32 kB    57 kB
     4    16  P    50 kB   128  M     1  S    64 kB    64 kB   114 kB
     5    32  P   101 kB    64  M     1  S   128 kB   128 kB   229 kB
     6    64  P   202 kB    32  M     1  S   256 kB   256 kB   458 kB
     7   128  P   405 kB    16  M     1  S   512 kB   512 kB   917 kB
     8   256  P   810 kB     8  M     1  S  1024 kB  1024 kB  1834 kB
     9   512  P  1620 kB     4  M     1  S  2048 kB  2048 kB  3668 kB
    10  1024  P  3240 kB     2  M     1  S  4096 kB  4096 kB  7336 kB  Best Value!
    11  2048  P  6480 kB     1  M     1  S  8192 kB  8192 kB    14 MB
    12  4096  P    12 MB     1  M     1  S    16 MB    16 MB    28 MB
    13  8192  P    25 MB     1  M     1  S    32 MB    32 MB    57 MB
    14    16 kP    50 MB     1  M     1  S    64 MB    64 MB   114 MB
    15    32 kP   101 MB     1  M     1  S   128 MB   128 MB   229 MB


FINAL CONFIGURATION
-------------------

Estimated to require 7336 kB memory out of 16 GB allowed.
Estimated to require 2 batches.

Configured complex mode for 0.007 GB memory per batch, and up to 2 batches.

Start counting with THREADED method.
Used 0.263 GB / 15.922 GB to store         4018 kmers; need 0.000 GB to sort           20 kmers

Input complete.  Writing results to 'PlasmidGenome_Bactopia.meryl', using 10 threads.
finishIteration()--

Finished counting.

Cleaning up.

Bye.


Found 1 command tree.

PROCESSING TREE #1 using 10 threads.
  opDifference
    PlasmidGenome_Bactopia.meryl
    merqury_qv_2026-01-30.reads.meryl
    output to PlasmidGenome_Bactopia.0.meryl

Cleaning up.

Bye.
# QV statistics for PlasmidGenome_Bactopia

Found 1 command tree.

Found 1 command tree.

--
-- Estimating memory usage for 'PlasmidGenome_Bactopia.0.meryl/'.
--

Failed with 'Segmentation fault'; backtrace (libbacktrace):

Found 1 command tree.

PROCESSING TREE #1 using 10 threads.
  opUnionSum
    BacterialGenome_Bactopia.meryl
    PlasmidGenome_Bactopia.meryl
    output to both.meryl

Cleaning up.

Bye.

Found 1 command tree.

PROCESSING TREE #1 using 10 threads.
  opUnionSum
    BacterialGenome_Bactopia.0.meryl
    PlasmidGenome_Bactopia.0.meryl
    output to both.0.meryl

Cleaning up.

Bye.
# QV statistics for both

Found 1 command tree.

Found 1 command tree.

Done!
Remove intermediate files:
rm -r BacterialGenome_Bactopia.0.meryl PlasmidGenome_Bactopia.0.meryl both.0.meryl
